<?xml version="1.0" encoding="UTF-8"?>
<!-- Generated by org.testng.reporters.JUnitXMLReporter -->
<testsuite ignored="2" hostname="DESKTOP-BGTGHC3" failures="0" tests="2" name="Test" time="40.247" errors="0" timestamp="2022-08-17T17:00:23 IST">
  <testcase classname="com.vtiger.comcast.organisationtest.CreateOrganisationTNG" name="createOrgTest" time="6.435"/>
  <testcase classname="com.vtiger.comcast.organisationtest.QuoteModuleTNG" name="quote" time="14.645"/>
  <testcase classname="com.crm.vtiger.genericutility.BaseClass" name="@AfterSuite configAS" time="0.0">
    <ignored/>
  </testcase> <!-- @AfterSuite configAS -->
  <testcase classname="com.crm.vtiger.genericutility.BaseClass" name="@BeforeSuite configBS" time="0.0">
    <ignored/>
  </testcase> <!-- @BeforeSuite configBS -->
</testsuite> <!-- Test -->
