<?xml version="1.0" encoding="UTF-8"?>
<testng-results ignored="0" total="1" passed="1" failed="0" skipped="0">
  <reporter-output>
  </reporter-output>
  <suite started-at="2022-08-27T18:31:15 IST" name="Default suite" finished-at="2022-08-27T18:31:34 IST" duration-ms="18656">
    <groups>
    </groups>
    <test started-at="2022-08-27T18:31:15 IST" name="Default test" finished-at="2022-08-27T18:31:34 IST" duration-ms="18656">
      <class name="com.vtiger.comcast.organisationtest.seleLondonChallengeTest">
        <test-method signature="test()[pri:0, instance:com.vtiger.comcast.organisationtest.seleLondonChallengeTest@1700915]" started-at="2022-08-27T18:31:15 IST" name="test" finished-at="2022-08-27T18:31:34 IST" duration-ms="18579" status="PASS">
          <reporter-output>
          </reporter-output>
        </test-method> <!-- test -->
      </class> <!-- com.vtiger.comcast.organisationtest.seleLondonChallengeTest -->
    </test> <!-- Default test -->
  </suite> <!-- Default suite -->
</testng-results>
