<?xml version="1.0" encoding="UTF-8"?>
<testng-results ignored="0" total="1" passed="1" failed="0" skipped="0">
  <reporter-output>
  </reporter-output>
  <suite started-at="2022-08-23T10:41:46 IST" name="Default suite" finished-at="2022-08-23T10:41:46 IST" duration-ms="55">
    <groups>
    </groups>
    <test started-at="2022-08-23T10:41:46 IST" name="Default test" finished-at="2022-08-23T10:41:46 IST" duration-ms="55">
      <class name="com.vtiger.comcast.organisationtest.testnG">
        <test-method is-config="true" signature="bf()[pri:0, instance:com.vtiger.comcast.organisationtest.testnG@7a69b07]" started-at="2022-08-23T10:41:46 IST" name="bf" finished-at="2022-08-23T10:41:46 IST" duration-ms="4" status="PASS">
          <reporter-output>
          </reporter-output>
        </test-method> <!-- bf -->
        <test-method signature="test()[pri:0, instance:com.vtiger.comcast.organisationtest.testnG@7a69b07]" started-at="2022-08-23T10:41:46 IST" name="test" finished-at="2022-08-23T10:41:46 IST" duration-ms="6" status="PASS">
          <reporter-output>
          </reporter-output>
        </test-method> <!-- test -->
        <test-method is-config="true" signature="af()[pri:0, instance:com.vtiger.comcast.organisationtest.testnG@7a69b07]" started-at="2022-08-23T10:41:46 IST" name="af" finished-at="2022-08-23T10:41:46 IST" duration-ms="1" status="PASS">
          <reporter-output>
          </reporter-output>
        </test-method> <!-- af -->
      </class> <!-- com.vtiger.comcast.organisationtest.testnG -->
    </test> <!-- Default test -->
  </suite> <!-- Default suite -->
</testng-results>
